<?xml version="1.0" encoding="UTF-8"?>
<!-- Generated by org.testng.reporters.JUnitReportReporter -->
<testsuite hostname="DESKTOP-NDV5TDG" name="Test.Wingify.HomePage" tests="1" failures="0" timestamp="5 Jun 2021 07:13:24 GMT" time="41.813" errors="0">
  <testcase name="HomepageNav" time="41.813" classname="Test.Wingify.HomePage"/>
</testsuite> <!-- Test.Wingify.HomePage -->
